<?xml version="1.0" encoding="UTF-8"?>
<testng-results ignored="0" total="1" passed="1" failed="0" skipped="0">
  <reporter-output>
  </reporter-output>
  <suite started-at="2024-10-24T13:10:15 EDT" name="Default suite" finished-at="2024-10-24T13:10:23 EDT" duration-ms="8113">
    <groups>
    </groups>
    <test started-at="2024-10-24T13:10:15 EDT" name="Default test" finished-at="2024-10-24T13:10:23 EDT" duration-ms="8113">
      <class name="steps.TableHandle">
        <test-method signature="table2Test()[pri:0, instance:steps.TableHandle@69e153c5]" started-at="2024-10-24T13:10:15 EDT" name="table2Test" finished-at="2024-10-24T13:10:23 EDT" duration-ms="8054" status="PASS">
          <reporter-output>
          </reporter-output>
        </test-method> <!-- table2Test -->
      </class> <!-- steps.TableHandle -->
    </test> <!-- Default test -->
  </suite> <!-- Default suite -->
</testng-results>
