<?xml version="1.0" encoding="UTF-8"?>
<testng-results ignored="0" total="1" passed="1" failed="0" skipped="0">
  <reporter-output>
  </reporter-output>
  <suite started-at="2024-10-23T11:41:36 EDT" name="Default suite" finished-at="2024-10-23T11:41:57 EDT" duration-ms="21805">
    <groups>
    </groups>
    <test started-at="2024-10-23T11:41:36 EDT" name="Default test" finished-at="2024-10-23T11:41:57 EDT" duration-ms="21805">
      <class name="steps.WindowHandle">
        <test-method signature="windHand()[pri:0, instance:steps.WindowHandle@69e153c5]" started-at="2024-10-23T11:41:36 EDT" name="windHand" finished-at="2024-10-23T11:41:57 EDT" duration-ms="21753" status="PASS">
          <reporter-output>
          </reporter-output>
        </test-method> <!-- windHand -->
      </class> <!-- steps.WindowHandle -->
    </test> <!-- Default test -->
  </suite> <!-- Default suite -->
</testng-results>
